2023-03-08 09:46:48,077 [Worker-1: Loading available Gradle versions] INFO  o.e.b.c.i.u.g.PublishedGradleVersions - Gradle version information cache is up-to-date. Trying to read.
2023-03-08 09:49:44,366 [Worker-15: Launching mavenrun-303ec89c-ac97-4071-b3d1-6d946a5284b1] INFO  o.eclipse.m2e.core.internal.Bundles - getClasspathEntries(Bundle=org.eclipse.m2e.maven.runtime_3.8.604.20221130-2149 [267])
2023-03-08 09:49:44,378 [Worker-15: Launching mavenrun-303ec89c-ac97-4071-b3d1-6d946a5284b1] INFO  o.eclipse.m2e.core.internal.Bundles - 	Entry: C:\Users\Dave\.p2\pool\plugins\org.eclipse.m2e.maven.runtime_3.8.604.20221130-2149
2023-03-08 09:49:44,378 [Worker-15: Launching mavenrun-303ec89c-ac97-4071-b3d1-6d946a5284b1] INFO  o.eclipse.m2e.core.internal.Bundles - 	Entry: C:\Users\Dave\.p2\pool\plugins\org.eclipse.m2e.maven.runtime_3.8.604.20221130-2149\jars\aether-connector-okhttp-0.17.8.jar
2023-03-08 09:49:44,380 [Worker-15: Launching mavenrun-303ec89c-ac97-4071-b3d1-6d946a5284b1] INFO  o.eclipse.m2e.core.internal.Bundles - 	Entry: C:\Users\Dave\.p2\pool\plugins\org.eclipse.m2e.maven.runtime_3.8.604.20221130-2149\jars\commons-cli-1.4.jar
2023-03-08 09:49:44,380 [Worker-15: Launching mavenrun-303ec89c-ac97-4071-b3d1-6d946a5284b1] INFO  o.eclipse.m2e.core.internal.Bundles - 	Entry: C:\Users\Dave\.p2\pool\plugins\org.eclipse.m2e.maven.runtime_3.8.604.20221130-2149\jars\commons-io-2.6.jar
2023-03-08 09:49:44,380 [Worker-15: Launching mavenrun-303ec89c-ac97-4071-b3d1-6d946a5284b1] INFO  o.eclipse.m2e.core.internal.Bundles - 	Entry: C:\Users\Dave\.p2\pool\plugins\org.eclipse.m2e.maven.runtime_3.8.604.20221130-2149\jars\commons-lang3-3.8.1.jar
2023-03-08 09:49:44,380 [Worker-15: Launching mavenrun-303ec89c-ac97-4071-b3d1-6d946a5284b1] INFO  o.eclipse.m2e.core.internal.Bundles - 	Entry: C:\Users\Dave\.p2\pool\plugins\org.eclipse.m2e.maven.runtime_3.8.604.20221130-2149\jars\guice-4.2.2-no_aop.jar
2023-03-08 09:49:44,381 [Worker-15: Launching mavenrun-303ec89c-ac97-4071-b3d1-6d946a5284b1] INFO  o.eclipse.m2e.core.internal.Bundles - 	Entry: C:\Users\Dave\.p2\pool\plugins\org.eclipse.m2e.maven.runtime_3.8.604.20221130-2149\jars\jansi-2.4.0.jar
2023-03-08 09:49:44,381 [Worker-15: Launching mavenrun-303ec89c-ac97-4071-b3d1-6d946a5284b1] INFO  o.eclipse.m2e.core.internal.Bundles - 	Entry: C:\Users\Dave\.p2\pool\plugins\org.eclipse.m2e.maven.runtime_3.8.604.20221130-2149\jars\maven-artifact-3.8.6.jar
2023-03-08 09:49:44,381 [Worker-15: Launching mavenrun-303ec89c-ac97-4071-b3d1-6d946a5284b1] INFO  o.eclipse.m2e.core.internal.Bundles - 	Entry: C:\Users\Dave\.p2\pool\plugins\org.eclipse.m2e.maven.runtime_3.8.604.20221130-2149\jars\maven-builder-support-3.8.6.jar
2023-03-08 09:49:44,381 [Worker-15: Launching mavenrun-303ec89c-ac97-4071-b3d1-6d946a5284b1] INFO  o.eclipse.m2e.core.internal.Bundles - 	Entry: C:\Users\Dave\.p2\pool\plugins\org.eclipse.m2e.maven.runtime_3.8.604.20221130-2149\jars\maven-compat-3.8.6.jar
2023-03-08 09:49:44,381 [Worker-15: Launching mavenrun-303ec89c-ac97-4071-b3d1-6d946a5284b1] INFO  o.eclipse.m2e.core.internal.Bundles - 	Entry: C:\Users\Dave\.p2\pool\plugins\org.eclipse.m2e.maven.runtime_3.8.604.20221130-2149\jars\maven-core-3.8.6.jar
2023-03-08 09:49:44,382 [Worker-15: Launching mavenrun-303ec89c-ac97-4071-b3d1-6d946a5284b1] INFO  o.eclipse.m2e.core.internal.Bundles - 	Entry: C:\Users\Dave\.p2\pool\plugins\org.eclipse.m2e.maven.runtime_3.8.604.20221130-2149\jars\maven-embedder-3.8.6.jar
2023-03-08 09:49:44,382 [Worker-15: Launching mavenrun-303ec89c-ac97-4071-b3d1-6d946a5284b1] INFO  o.eclipse.m2e.core.internal.Bundles - 	Entry: C:\Users\Dave\.p2\pool\plugins\org.eclipse.m2e.maven.runtime_3.8.604.20221130-2149\jars\maven-model-3.8.6.jar
2023-03-08 09:49:44,382 [Worker-15: Launching mavenrun-303ec89c-ac97-4071-b3d1-6d946a5284b1] INFO  o.eclipse.m2e.core.internal.Bundles - 	Entry: C:\Users\Dave\.p2\pool\plugins\org.eclipse.m2e.maven.runtime_3.8.604.20221130-2149\jars\maven-model-builder-3.8.6.jar
2023-03-08 09:49:44,382 [Worker-15: Launching mavenrun-303ec89c-ac97-4071-b3d1-6d946a5284b1] INFO  o.eclipse.m2e.core.internal.Bundles - 	Entry: C:\Users\Dave\.p2\pool\plugins\org.eclipse.m2e.maven.runtime_3.8.604.20221130-2149\jars\maven-plugin-api-3.8.6.jar
2023-03-08 09:49:44,383 [Worker-15: Launching mavenrun-303ec89c-ac97-4071-b3d1-6d946a5284b1] INFO  o.eclipse.m2e.core.internal.Bundles - 	Entry: C:\Users\Dave\.p2\pool\plugins\org.eclipse.m2e.maven.runtime_3.8.604.20221130-2149\jars\maven-repository-metadata-3.8.6.jar
2023-03-08 09:49:44,383 [Worker-15: Launching mavenrun-303ec89c-ac97-4071-b3d1-6d946a5284b1] INFO  o.eclipse.m2e.core.internal.Bundles - 	Entry: C:\Users\Dave\.p2\pool\plugins\org.eclipse.m2e.maven.runtime_3.8.604.20221130-2149\jars\maven-resolver-api-1.6.3.jar
2023-03-08 09:49:44,383 [Worker-15: Launching mavenrun-303ec89c-ac97-4071-b3d1-6d946a5284b1] INFO  o.eclipse.m2e.core.internal.Bundles - 	Entry: C:\Users\Dave\.p2\pool\plugins\org.eclipse.m2e.maven.runtime_3.8.604.20221130-2149\jars\maven-resolver-connector-basic-1.6.3.jar
2023-03-08 09:49:44,383 [Worker-15: Launching mavenrun-303ec89c-ac97-4071-b3d1-6d946a5284b1] INFO  o.eclipse.m2e.core.internal.Bundles - 	Entry: C:\Users\Dave\.p2\pool\plugins\org.eclipse.m2e.maven.runtime_3.8.604.20221130-2149\jars\maven-resolver-impl-1.6.3.jar
2023-03-08 09:49:44,383 [Worker-15: Launching mavenrun-303ec89c-ac97-4071-b3d1-6d946a5284b1] INFO  o.eclipse.m2e.core.internal.Bundles - 	Entry: C:\Users\Dave\.p2\pool\plugins\org.eclipse.m2e.maven.runtime_3.8.604.20221130-2149\jars\maven-resolver-provider-3.8.6.jar
2023-03-08 09:49:44,383 [Worker-15: Launching mavenrun-303ec89c-ac97-4071-b3d1-6d946a5284b1] INFO  o.eclipse.m2e.core.internal.Bundles - 	Entry: C:\Users\Dave\.p2\pool\plugins\org.eclipse.m2e.maven.runtime_3.8.604.20221130-2149\jars\maven-resolver-spi-1.6.3.jar
2023-03-08 09:49:44,384 [Worker-15: Launching mavenrun-303ec89c-ac97-4071-b3d1-6d946a5284b1] INFO  o.eclipse.m2e.core.internal.Bundles - 	Entry: C:\Users\Dave\.p2\pool\plugins\org.eclipse.m2e.maven.runtime_3.8.604.20221130-2149\jars\maven-resolver-transport-wagon-1.6.3.jar
2023-03-08 09:49:44,384 [Worker-15: Launching mavenrun-303ec89c-ac97-4071-b3d1-6d946a5284b1] INFO  o.eclipse.m2e.core.internal.Bundles - 	Entry: C:\Users\Dave\.p2\pool\plugins\org.eclipse.m2e.maven.runtime_3.8.604.20221130-2149\jars\maven-resolver-util-1.6.3.jar
2023-03-08 09:49:44,384 [Worker-15: Launching mavenrun-303ec89c-ac97-4071-b3d1-6d946a5284b1] INFO  o.eclipse.m2e.core.internal.Bundles - 	Entry: C:\Users\Dave\.p2\pool\plugins\org.eclipse.m2e.maven.runtime_3.8.604.20221130-2149\jars\maven-settings-3.8.6.jar
2023-03-08 09:49:44,384 [Worker-15: Launching mavenrun-303ec89c-ac97-4071-b3d1-6d946a5284b1] INFO  o.eclipse.m2e.core.internal.Bundles - 	Entry: C:\Users\Dave\.p2\pool\plugins\org.eclipse.m2e.maven.runtime_3.8.604.20221130-2149\jars\maven-settings-builder-3.8.6.jar
2023-03-08 09:49:44,384 [Worker-15: Launching mavenrun-303ec89c-ac97-4071-b3d1-6d946a5284b1] INFO  o.eclipse.m2e.core.internal.Bundles - 	Entry: C:\Users\Dave\.p2\pool\plugins\org.eclipse.m2e.maven.runtime_3.8.604.20221130-2149\jars\maven-shared-utils-3.3.4.jar
2023-03-08 09:49:44,384 [Worker-15: Launching mavenrun-303ec89c-ac97-4071-b3d1-6d946a5284b1] INFO  o.eclipse.m2e.core.internal.Bundles - 	Entry: C:\Users\Dave\.p2\pool\plugins\org.eclipse.m2e.maven.runtime_3.8.604.20221130-2149\jars\okhttp-3.14.1.jar
2023-03-08 09:49:44,384 [Worker-15: Launching mavenrun-303ec89c-ac97-4071-b3d1-6d946a5284b1] INFO  o.eclipse.m2e.core.internal.Bundles - 	Entry: C:\Users\Dave\.p2\pool\plugins\org.eclipse.m2e.maven.runtime_3.8.604.20221130-2149\jars\okio-1.17.3.jar
2023-03-08 09:49:44,384 [Worker-15: Launching mavenrun-303ec89c-ac97-4071-b3d1-6d946a5284b1] INFO  o.eclipse.m2e.core.internal.Bundles - 	Entry: C:\Users\Dave\.p2\pool\plugins\org.eclipse.m2e.maven.runtime_3.8.604.20221130-2149\jars\org.eclipse.sisu.inject-0.3.5.jar
2023-03-08 09:49:44,385 [Worker-15: Launching mavenrun-303ec89c-ac97-4071-b3d1-6d946a5284b1] INFO  o.eclipse.m2e.core.internal.Bundles - 	Entry: C:\Users\Dave\.p2\pool\plugins\org.eclipse.m2e.maven.runtime_3.8.604.20221130-2149\jars\org.eclipse.sisu.plexus-0.3.5.jar
2023-03-08 09:49:44,385 [Worker-15: Launching mavenrun-303ec89c-ac97-4071-b3d1-6d946a5284b1] INFO  o.eclipse.m2e.core.internal.Bundles - 	Entry: C:\Users\Dave\.p2\pool\plugins\org.eclipse.m2e.maven.runtime_3.8.604.20221130-2149\jars\plexus-build-api-0.0.7.jar
2023-03-08 09:49:44,385 [Worker-15: Launching mavenrun-303ec89c-ac97-4071-b3d1-6d946a5284b1] INFO  o.eclipse.m2e.core.internal.Bundles - 	Entry: C:\Users\Dave\.p2\pool\plugins\org.eclipse.m2e.maven.runtime_3.8.604.20221130-2149\jars\plexus-cipher-2.0.jar
2023-03-08 09:49:44,385 [Worker-15: Launching mavenrun-303ec89c-ac97-4071-b3d1-6d946a5284b1] INFO  o.eclipse.m2e.core.internal.Bundles - 	Entry: C:\Users\Dave\.p2\pool\plugins\org.eclipse.m2e.maven.runtime_3.8.604.20221130-2149\jars\plexus-classworlds-2.6.0.jar
2023-03-08 09:49:44,385 [Worker-15: Launching mavenrun-303ec89c-ac97-4071-b3d1-6d946a5284b1] INFO  o.eclipse.m2e.core.internal.Bundles - 	Entry: C:\Users\Dave\.p2\pool\plugins\org.eclipse.m2e.maven.runtime_3.8.604.20221130-2149\jars\plexus-component-annotations-2.1.0.jar
2023-03-08 09:49:44,386 [Worker-15: Launching mavenrun-303ec89c-ac97-4071-b3d1-6d946a5284b1] INFO  o.eclipse.m2e.core.internal.Bundles - 	Entry: C:\Users\Dave\.p2\pool\plugins\org.eclipse.m2e.maven.runtime_3.8.604.20221130-2149\jars\plexus-interpolation-1.26.jar
2023-03-08 09:49:44,386 [Worker-15: Launching mavenrun-303ec89c-ac97-4071-b3d1-6d946a5284b1] INFO  o.eclipse.m2e.core.internal.Bundles - 	Entry: C:\Users\Dave\.p2\pool\plugins\org.eclipse.m2e.maven.runtime_3.8.604.20221130-2149\jars\plexus-sec-dispatcher-2.0.jar
2023-03-08 09:49:44,386 [Worker-15: Launching mavenrun-303ec89c-ac97-4071-b3d1-6d946a5284b1] INFO  o.eclipse.m2e.core.internal.Bundles - 	Entry: C:\Users\Dave\.p2\pool\plugins\org.eclipse.m2e.maven.runtime_3.8.604.20221130-2149\jars\plexus-utils-3.3.1.jar
2023-03-08 09:49:44,386 [Worker-15: Launching mavenrun-303ec89c-ac97-4071-b3d1-6d946a5284b1] INFO  o.eclipse.m2e.core.internal.Bundles - 	Entry: C:\Users\Dave\.p2\pool\plugins\org.eclipse.m2e.maven.runtime_3.8.604.20221130-2149\jars\wagon-file-3.5.1.jar
2023-03-08 09:49:44,386 [Worker-15: Launching mavenrun-303ec89c-ac97-4071-b3d1-6d946a5284b1] INFO  o.eclipse.m2e.core.internal.Bundles - 	Entry: C:\Users\Dave\.p2\pool\plugins\org.eclipse.m2e.maven.runtime_3.8.604.20221130-2149\jars\wagon-provider-api-3.5.1.jar
2023-03-08 09:49:44,388 [Worker-15: Launching mavenrun-303ec89c-ac97-4071-b3d1-6d946a5284b1] INFO  o.eclipse.m2e.core.internal.Bundles - getClasspathEntries(Bundle=com.google.guava_30.1.0.v20221112-0806 [8])
2023-03-08 09:49:44,389 [Worker-15: Launching mavenrun-303ec89c-ac97-4071-b3d1-6d946a5284b1] INFO  o.eclipse.m2e.core.internal.Bundles - 	Entry: C:\Users\Dave\.p2\pool\plugins\com.google.guava_30.1.0.v20221112-0806.jar
2023-03-08 09:49:44,390 [Worker-15: Launching mavenrun-303ec89c-ac97-4071-b3d1-6d946a5284b1] INFO  o.eclipse.m2e.core.internal.Bundles - getClasspathEntries(Bundle=slf4j.api_1.7.36 [431])
2023-03-08 09:49:44,390 [Worker-15: Launching mavenrun-303ec89c-ac97-4071-b3d1-6d946a5284b1] INFO  o.eclipse.m2e.core.internal.Bundles - 	Entry: C:\Users\Dave\.p2\pool\plugins\slf4j.api_1.7.36.jar
2023-03-08 09:49:44,390 [Worker-15: Launching mavenrun-303ec89c-ac97-4071-b3d1-6d946a5284b1] INFO  o.eclipse.m2e.core.internal.Bundles - getClasspathEntries(Bundle=javax.inject_1.0.0.v20220405-0441 [18])
2023-03-08 09:49:44,391 [Worker-15: Launching mavenrun-303ec89c-ac97-4071-b3d1-6d946a5284b1] INFO  o.eclipse.m2e.core.internal.Bundles - 	Entry: C:\Users\Dave\.p2\pool\plugins\javax.inject_1.0.0.v20220405-0441.jar
2023-03-08 09:49:44,391 [Worker-15: Launching mavenrun-303ec89c-ac97-4071-b3d1-6d946a5284b1] INFO  o.eclipse.m2e.core.internal.Bundles - getClasspathEntries(Bundle=javax.annotation_1.3.5.v20221112-0806 [16])
2023-03-08 09:49:44,393 [Worker-15: Launching mavenrun-303ec89c-ac97-4071-b3d1-6d946a5284b1] INFO  o.eclipse.m2e.core.internal.Bundles - 	Entry: C:\Users\Dave\.p2\pool\plugins\javax.annotation_1.3.5.v20221112-0806.jar
2023-03-08 09:49:44,402 [Worker-15: Launching mavenrun-303ec89c-ac97-4071-b3d1-6d946a5284b1] INFO  o.e.m.i.launch.MavenLaunchDelegate - Run build in "C:\Users\Dave\AppData\Local\Temp\m2e-archetypeGenerator11642612861949852196":
2023-03-08 09:49:44,406 [Worker-15: Launching mavenrun-303ec89c-ac97-4071-b3d1-6d946a5284b1] INFO  o.e.m.i.launch.MavenLaunchDelegate -  mvn  -DarchetypeGroupId=org.apache.maven.archetypes -DarchetypeArtifactId=maven-archetype-quickstart -DarchetypeVersion=1.4 -DgroupId=refresh -DartifactId=davesolatre -Dversion=0.0.1-SNAPSHOT -Dpackage=refresh.davesolatre -DoutputDirectory=C:\Users\Dave\refresh -Dstyle.color=always -U archetype:generate
2023-03-08 09:50:02,333 [Worker-9: Creating maven-archetype-quickstart] INFO  o.e.m.c.i.p.ProjectConfigurationManager - Collecting project info '/pom.xml' C:\Users\Dave\refresh\davesolatre\pom.xml
2023-03-08 09:50:04,906 [Worker-9: Creating maven-archetype-quickstart] INFO  o.e.m.c.i.l.LifecycleMappingFactory - Using org.eclipse.m2e.jdt.JarLifecycleMapping lifecycle mapping for MavenProject: refresh:davesolatre:0.0.1-SNAPSHOT @ C:\Users\Dave\refresh\davesolatre\pom.xml.
2023-03-08 09:50:06,021 [Worker-9: Creating maven-archetype-quickstart] INFO  o.e.m.j.i.AbstractJavaProjectConfigurator - Adding source folder /davesolatre/src/main/java
2023-03-08 09:50:06,027 [Worker-9: Creating maven-archetype-quickstart] INFO  o.e.m.j.i.AbstractJavaProjectConfigurator - Adding source folder /davesolatre/src/test/java
2023-03-08 09:50:06,270 [Worker-9: Creating maven-archetype-quickstart] INFO  o.e.m.c.i.p.ProjectConfigurationManager - Imported and configured 1 project(s) in 3 sec
2023-03-08 09:50:07,054 [Worker-1: Building] INFO  o.e.m.c.i.embedder.EclipseLogger - Using 'UTF-8' encoding to copy filtered resources.
2023-03-08 09:50:07,055 [Worker-1: Building] INFO  o.e.m.c.i.embedder.EclipseLogger - skip non existing resourceDirectory C:\Users\Dave\refresh\davesolatre\src\main\resources
2023-03-08 09:50:07,058 [Worker-1: Building] INFO  o.e.m.c.i.embedder.EclipseLogger - Using 'UTF-8' encoding to copy filtered resources.
2023-03-08 09:50:07,059 [Worker-1: Building] INFO  o.e.m.c.i.embedder.EclipseLogger - skip non existing resourceDirectory C:\Users\Dave\refresh\davesolatre\src\test\resources
2023-03-08 09:51:33,175 [Worker-23: Building] INFO  o.e.m.c.i.l.LifecycleMappingFactory - Using org.eclipse.m2e.jdt.JarLifecycleMapping lifecycle mapping for MavenProject: refresh:davesolatre:0.0.1-SNAPSHOT @ C:\Users\Dave\refresh\davesolatre\pom.xml.
2023-03-08 09:51:37,119 [Worker-23: Building] INFO  o.e.m.c.i.embedder.EclipseLogger - Using 'UTF-8' encoding to copy filtered resources.
2023-03-08 09:51:37,120 [Worker-23: Building] INFO  o.e.m.c.i.embedder.EclipseLogger - skip non existing resourceDirectory C:\Users\Dave\refresh\davesolatre\src\main\resources
2023-03-08 09:51:37,122 [Worker-23: Building] INFO  o.e.m.c.i.embedder.EclipseLogger - Using 'UTF-8' encoding to copy filtered resources.
2023-03-08 09:51:37,123 [Worker-23: Building] INFO  o.e.m.c.i.embedder.EclipseLogger - skip non existing resourceDirectory C:\Users\Dave\refresh\davesolatre\src\test\resources
2023-03-08 09:51:38,483 [Worker-11: Building] INFO  o.e.m.c.i.embedder.EclipseLogger - Using 'UTF-8' encoding to copy filtered resources.
2023-03-08 09:51:38,483 [Worker-11: Building] INFO  o.e.m.c.i.embedder.EclipseLogger - skip non existing resourceDirectory C:\Users\Dave\refresh\davesolatre\src\main\resources
2023-03-08 09:51:38,485 [Worker-11: Building] INFO  o.e.m.c.i.embedder.EclipseLogger - Using 'UTF-8' encoding to copy filtered resources.
2023-03-08 09:51:38,485 [Worker-11: Building] INFO  o.e.m.c.i.embedder.EclipseLogger - skip non existing resourceDirectory C:\Users\Dave\refresh\davesolatre\src\test\resources
2023-03-08 09:52:10,678 [Worker-11: Building] INFO  o.e.m.c.i.l.LifecycleMappingFactory - Using org.eclipse.m2e.jdt.JarLifecycleMapping lifecycle mapping for MavenProject: refresh:davesolatre:0.0.1-SNAPSHOT @ C:\Users\Dave\refresh\davesolatre\pom.xml.
2023-03-08 09:52:11,223 [Worker-11: Building] INFO  o.e.m.c.i.embedder.EclipseLogger - Using 'UTF-8' encoding to copy filtered resources.
2023-03-08 09:52:11,224 [Worker-11: Building] INFO  o.e.m.c.i.embedder.EclipseLogger - skip non existing resourceDirectory C:\Users\Dave\refresh\davesolatre\src\main\resources
2023-03-08 09:52:11,226 [Worker-11: Building] INFO  o.e.m.c.i.embedder.EclipseLogger - Using 'UTF-8' encoding to copy filtered resources.
2023-03-08 09:52:11,226 [Worker-11: Building] INFO  o.e.m.c.i.embedder.EclipseLogger - skip non existing resourceDirectory C:\Users\Dave\refresh\davesolatre\src\test\resources
2023-03-08 09:52:12,611 [Worker-23: Building] INFO  o.e.m.c.i.embedder.EclipseLogger - Using 'UTF-8' encoding to copy filtered resources.
2023-03-08 09:52:12,611 [Worker-23: Building] INFO  o.e.m.c.i.embedder.EclipseLogger - skip non existing resourceDirectory C:\Users\Dave\refresh\davesolatre\src\main\resources
2023-03-08 09:52:12,613 [Worker-23: Building] INFO  o.e.m.c.i.embedder.EclipseLogger - Using 'UTF-8' encoding to copy filtered resources.
2023-03-08 09:52:12,613 [Worker-23: Building] INFO  o.e.m.c.i.embedder.EclipseLogger - skip non existing resourceDirectory C:\Users\Dave\refresh\davesolatre\src\test\resources
2023-03-08 09:52:36,321 [Worker-11: Building] INFO  o.e.m.c.i.l.LifecycleMappingFactory - Using org.eclipse.m2e.jdt.JarLifecycleMapping lifecycle mapping for MavenProject: refresh:davesolatre:0.0.1-SNAPSHOT @ C:\Users\Dave\refresh\davesolatre\pom.xml.
2023-03-08 09:52:37,337 [Worker-11: Building] INFO  o.e.m.c.i.embedder.EclipseLogger - Using 'UTF-8' encoding to copy filtered resources.
2023-03-08 09:52:37,337 [Worker-11: Building] INFO  o.e.m.c.i.embedder.EclipseLogger - skip non existing resourceDirectory C:\Users\Dave\refresh\davesolatre\src\main\resources
2023-03-08 09:52:37,340 [Worker-11: Building] INFO  o.e.m.c.i.embedder.EclipseLogger - Using 'UTF-8' encoding to copy filtered resources.
2023-03-08 09:52:37,340 [Worker-11: Building] INFO  o.e.m.c.i.embedder.EclipseLogger - skip non existing resourceDirectory C:\Users\Dave\refresh\davesolatre\src\test\resources
2023-03-08 09:52:38,738 [Worker-23: Building] INFO  o.e.m.c.i.embedder.EclipseLogger - Using 'UTF-8' encoding to copy filtered resources.
2023-03-08 09:52:38,739 [Worker-23: Building] INFO  o.e.m.c.i.embedder.EclipseLogger - skip non existing resourceDirectory C:\Users\Dave\refresh\davesolatre\src\main\resources
2023-03-08 09:52:38,740 [Worker-23: Building] INFO  o.e.m.c.i.embedder.EclipseLogger - Using 'UTF-8' encoding to copy filtered resources.
2023-03-08 09:52:38,741 [Worker-23: Building] INFO  o.e.m.c.i.embedder.EclipseLogger - skip non existing resourceDirectory C:\Users\Dave\refresh\davesolatre\src\test\resources
2023-03-08 09:52:48,223 [Worker-23: Building] INFO  o.e.m.c.i.embedder.EclipseLogger - Using 'UTF-8' encoding to copy filtered resources.
2023-03-08 09:52:48,223 [Worker-23: Building] INFO  o.e.m.c.i.embedder.EclipseLogger - skip non existing resourceDirectory C:\Users\Dave\refresh\davesolatre\src\main\resources
2023-03-08 09:52:48,225 [Worker-23: Building] INFO  o.e.m.c.i.embedder.EclipseLogger - Using 'UTF-8' encoding to copy filtered resources.
2023-03-08 09:52:48,225 [Worker-23: Building] INFO  o.e.m.c.i.embedder.EclipseLogger - skip non existing resourceDirectory C:\Users\Dave\refresh\davesolatre\src\test\resources
2023-03-08 09:53:03,859 [Worker-22: Building] INFO  o.e.m.c.i.embedder.EclipseLogger - Using 'UTF-8' encoding to copy filtered resources.
2023-03-08 09:53:03,860 [Worker-22: Building] INFO  o.e.m.c.i.embedder.EclipseLogger - skip non existing resourceDirectory C:\Users\Dave\refresh\davesolatre\src\main\resources
2023-03-08 09:53:03,862 [Worker-22: Building] INFO  o.e.m.c.i.embedder.EclipseLogger - Using 'UTF-8' encoding to copy filtered resources.
2023-03-08 09:53:03,862 [Worker-22: Building] INFO  o.e.m.c.i.embedder.EclipseLogger - skip non existing resourceDirectory C:\Users\Dave\refresh\davesolatre\src\test\resources
2023-03-08 09:55:30,659 [Worker-29: Building] INFO  o.e.m.c.i.embedder.EclipseLogger - Using 'UTF-8' encoding to copy filtered resources.
2023-03-08 09:55:30,659 [Worker-29: Building] INFO  o.e.m.c.i.embedder.EclipseLogger - skip non existing resourceDirectory C:\Users\Dave\refresh\davesolatre\src\main\resources
2023-03-08 09:55:30,663 [Worker-29: Building] INFO  o.e.m.c.i.embedder.EclipseLogger - Using 'UTF-8' encoding to copy filtered resources.
2023-03-08 09:55:30,663 [Worker-29: Building] INFO  o.e.m.c.i.embedder.EclipseLogger - skip non existing resourceDirectory C:\Users\Dave\refresh\davesolatre\src\test\resources
2023-03-08 10:00:08,264 [Worker-32: Launching StandAloneTest] INFO  o.e.m.c.i.embedder.EclipseLogger - Using 'UTF-8' encoding to copy filtered resources.
2023-03-08 10:00:08,265 [Worker-32: Launching StandAloneTest] INFO  o.e.m.c.i.embedder.EclipseLogger - skip non existing resourceDirectory C:\Users\Dave\refresh\davesolatre\src\main\resources
2023-03-08 10:00:08,268 [Worker-32: Launching StandAloneTest] INFO  o.e.m.c.i.embedder.EclipseLogger - Using 'UTF-8' encoding to copy filtered resources.
2023-03-08 10:00:08,268 [Worker-32: Launching StandAloneTest] INFO  o.e.m.c.i.embedder.EclipseLogger - skip non existing resourceDirectory C:\Users\Dave\refresh\davesolatre\src\test\resources
2023-03-08 10:00:39,481 [Worker-33: Launching StandAloneTest] INFO  o.e.m.c.i.embedder.EclipseLogger - Using 'UTF-8' encoding to copy filtered resources.
2023-03-08 10:00:39,481 [Worker-33: Launching StandAloneTest] INFO  o.e.m.c.i.embedder.EclipseLogger - skip non existing resourceDirectory C:\Users\Dave\refresh\davesolatre\src\main\resources
2023-03-08 10:00:39,485 [Worker-33: Launching StandAloneTest] INFO  o.e.m.c.i.embedder.EclipseLogger - Using 'UTF-8' encoding to copy filtered resources.
2023-03-08 10:00:39,485 [Worker-33: Launching StandAloneTest] INFO  o.e.m.c.i.embedder.EclipseLogger - skip non existing resourceDirectory C:\Users\Dave\refresh\davesolatre\src\test\resources
2023-03-08 10:01:28,739 [Worker-30: Launching StandAloneTest] INFO  o.e.m.c.i.embedder.EclipseLogger - Using 'UTF-8' encoding to copy filtered resources.
2023-03-08 10:01:28,739 [Worker-30: Launching StandAloneTest] INFO  o.e.m.c.i.embedder.EclipseLogger - skip non existing resourceDirectory C:\Users\Dave\refresh\davesolatre\src\main\resources
2023-03-08 10:01:28,741 [Worker-30: Launching StandAloneTest] INFO  o.e.m.c.i.embedder.EclipseLogger - Using 'UTF-8' encoding to copy filtered resources.
2023-03-08 10:01:28,742 [Worker-30: Launching StandAloneTest] INFO  o.e.m.c.i.embedder.EclipseLogger - skip non existing resourceDirectory C:\Users\Dave\refresh\davesolatre\src\test\resources
2023-03-08 10:10:07,094 [Worker-30: Building] INFO  o.e.m.c.i.embedder.EclipseLogger - Using 'UTF-8' encoding to copy filtered resources.
2023-03-08 10:10:07,094 [Worker-30: Building] INFO  o.e.m.c.i.embedder.EclipseLogger - skip non existing resourceDirectory C:\Users\Dave\refresh\davesolatre\src\main\resources
2023-03-08 10:10:07,096 [Worker-30: Building] INFO  o.e.m.c.i.embedder.EclipseLogger - Using 'UTF-8' encoding to copy filtered resources.
2023-03-08 10:10:07,096 [Worker-30: Building] INFO  o.e.m.c.i.embedder.EclipseLogger - skip non existing resourceDirectory C:\Users\Dave\refresh\davesolatre\src\test\resources
2023-03-08 10:12:05,260 [Worker-38: Launching StandAloneTest] INFO  o.e.m.c.i.embedder.EclipseLogger - Using 'UTF-8' encoding to copy filtered resources.
2023-03-08 10:12:05,260 [Worker-38: Launching StandAloneTest] INFO  o.e.m.c.i.embedder.EclipseLogger - skip non existing resourceDirectory C:\Users\Dave\refresh\davesolatre\src\main\resources
2023-03-08 10:12:05,261 [Worker-38: Launching StandAloneTest] INFO  o.e.m.c.i.embedder.EclipseLogger - Using 'UTF-8' encoding to copy filtered resources.
2023-03-08 10:12:05,261 [Worker-38: Launching StandAloneTest] INFO  o.e.m.c.i.embedder.EclipseLogger - skip non existing resourceDirectory C:\Users\Dave\refresh\davesolatre\src\test\resources
2023-03-08 10:16:10,534 [Worker-30: Launching StandAloneTest] INFO  o.e.m.c.i.embedder.EclipseLogger - Using 'UTF-8' encoding to copy filtered resources.
2023-03-08 10:16:10,534 [Worker-30: Launching StandAloneTest] INFO  o.e.m.c.i.embedder.EclipseLogger - skip non existing resourceDirectory C:\Users\Dave\refresh\davesolatre\src\main\resources
2023-03-08 10:16:10,537 [Worker-30: Launching StandAloneTest] INFO  o.e.m.c.i.embedder.EclipseLogger - Using 'UTF-8' encoding to copy filtered resources.
2023-03-08 10:16:10,537 [Worker-30: Launching StandAloneTest] INFO  o.e.m.c.i.embedder.EclipseLogger - skip non existing resourceDirectory C:\Users\Dave\refresh\davesolatre\src\test\resources
2023-03-08 10:24:12,118 [Worker-40: Launching StandAloneTest] INFO  o.e.m.c.i.embedder.EclipseLogger - Using 'UTF-8' encoding to copy filtered resources.
2023-03-08 10:24:12,118 [Worker-40: Launching StandAloneTest] INFO  o.e.m.c.i.embedder.EclipseLogger - skip non existing resourceDirectory C:\Users\Dave\refresh\davesolatre\src\main\resources
2023-03-08 10:24:12,120 [Worker-40: Launching StandAloneTest] INFO  o.e.m.c.i.embedder.EclipseLogger - Using 'UTF-8' encoding to copy filtered resources.
2023-03-08 10:24:12,120 [Worker-40: Launching StandAloneTest] INFO  o.e.m.c.i.embedder.EclipseLogger - skip non existing resourceDirectory C:\Users\Dave\refresh\davesolatre\src\test\resources
2023-03-08 10:29:01,489 [Worker-46: Building] INFO  o.e.m.c.i.embedder.EclipseLogger - Using 'UTF-8' encoding to copy filtered resources.
2023-03-08 10:29:01,490 [Worker-46: Building] INFO  o.e.m.c.i.embedder.EclipseLogger - skip non existing resourceDirectory C:\Users\Dave\refresh\davesolatre\src\main\resources
2023-03-08 10:29:01,491 [Worker-46: Building] INFO  o.e.m.c.i.embedder.EclipseLogger - Using 'UTF-8' encoding to copy filtered resources.
2023-03-08 10:29:01,491 [Worker-46: Building] INFO  o.e.m.c.i.embedder.EclipseLogger - skip non existing resourceDirectory C:\Users\Dave\refresh\davesolatre\src\test\resources
2023-03-08 10:30:01,245 [Worker-46: Building] INFO  o.e.m.c.i.embedder.EclipseLogger - Using 'UTF-8' encoding to copy filtered resources.
2023-03-08 10:30:01,246 [Worker-46: Building] INFO  o.e.m.c.i.embedder.EclipseLogger - skip non existing resourceDirectory C:\Users\Dave\refresh\davesolatre\src\main\resources
2023-03-08 10:30:01,247 [Worker-46: Building] INFO  o.e.m.c.i.embedder.EclipseLogger - Using 'UTF-8' encoding to copy filtered resources.
2023-03-08 10:30:01,247 [Worker-46: Building] INFO  o.e.m.c.i.embedder.EclipseLogger - skip non existing resourceDirectory C:\Users\Dave\refresh\davesolatre\src\test\resources
2023-03-08 10:35:07,968 [Worker-58: Building] INFO  o.e.m.c.i.embedder.EclipseLogger - Using 'UTF-8' encoding to copy filtered resources.
2023-03-08 10:35:07,968 [Worker-58: Building] INFO  o.e.m.c.i.embedder.EclipseLogger - skip non existing resourceDirectory C:\Users\Dave\refresh\davesolatre\src\main\resources
2023-03-08 10:35:07,970 [Worker-58: Building] INFO  o.e.m.c.i.embedder.EclipseLogger - Using 'UTF-8' encoding to copy filtered resources.
2023-03-08 10:35:07,970 [Worker-58: Building] INFO  o.e.m.c.i.embedder.EclipseLogger - skip non existing resourceDirectory C:\Users\Dave\refresh\davesolatre\src\test\resources
2023-03-08 10:37:22,368 [Worker-55: Launching StandAloneTest] INFO  o.e.m.c.i.embedder.EclipseLogger - Using 'UTF-8' encoding to copy filtered resources.
2023-03-08 10:37:22,368 [Worker-55: Launching StandAloneTest] INFO  o.e.m.c.i.embedder.EclipseLogger - skip non existing resourceDirectory C:\Users\Dave\refresh\davesolatre\src\main\resources
2023-03-08 10:37:22,369 [Worker-55: Launching StandAloneTest] INFO  o.e.m.c.i.embedder.EclipseLogger - Using 'UTF-8' encoding to copy filtered resources.
2023-03-08 10:37:22,369 [Worker-55: Launching StandAloneTest] INFO  o.e.m.c.i.embedder.EclipseLogger - skip non existing resourceDirectory C:\Users\Dave\refresh\davesolatre\src\test\resources
2023-03-08 10:48:12,631 [Worker-62: Launching StandAloneTest] INFO  o.e.m.c.i.embedder.EclipseLogger - Using 'UTF-8' encoding to copy filtered resources.
2023-03-08 10:48:12,631 [Worker-62: Launching StandAloneTest] INFO  o.e.m.c.i.embedder.EclipseLogger - skip non existing resourceDirectory C:\Users\Dave\refresh\davesolatre\src\main\resources
2023-03-08 10:48:12,635 [Worker-62: Launching StandAloneTest] INFO  o.e.m.c.i.embedder.EclipseLogger - Using 'UTF-8' encoding to copy filtered resources.
2023-03-08 10:48:12,635 [Worker-62: Launching StandAloneTest] INFO  o.e.m.c.i.embedder.EclipseLogger - skip non existing resourceDirectory C:\Users\Dave\refresh\davesolatre\src\test\resources
2023-03-08 11:02:15,295 [Worker-69: Launching StandAloneTest] INFO  o.e.m.c.i.embedder.EclipseLogger - Using 'UTF-8' encoding to copy filtered resources.
2023-03-08 11:02:15,295 [Worker-69: Launching StandAloneTest] INFO  o.e.m.c.i.embedder.EclipseLogger - skip non existing resourceDirectory C:\Users\Dave\refresh\davesolatre\src\main\resources
2023-03-08 11:02:15,297 [Worker-69: Launching StandAloneTest] INFO  o.e.m.c.i.embedder.EclipseLogger - Using 'UTF-8' encoding to copy filtered resources.
2023-03-08 11:02:15,297 [Worker-69: Launching StandAloneTest] INFO  o.e.m.c.i.embedder.EclipseLogger - skip non existing resourceDirectory C:\Users\Dave\refresh\davesolatre\src\test\resources
2023-03-08 11:09:31,515 [Worker-71: Building] INFO  o.e.m.c.i.embedder.EclipseLogger - Using 'UTF-8' encoding to copy filtered resources.
2023-03-08 11:09:31,515 [Worker-71: Building] INFO  o.e.m.c.i.embedder.EclipseLogger - skip non existing resourceDirectory C:\Users\Dave\refresh\davesolatre\src\main\resources
2023-03-08 11:09:31,516 [Worker-71: Building] INFO  o.e.m.c.i.embedder.EclipseLogger - Using 'UTF-8' encoding to copy filtered resources.
2023-03-08 11:09:31,516 [Worker-71: Building] INFO  o.e.m.c.i.embedder.EclipseLogger - skip non existing resourceDirectory C:\Users\Dave\refresh\davesolatre\src\test\resources
2023-03-08 11:11:59,195 [Worker-71: Building] INFO  o.e.m.c.i.embedder.EclipseLogger - Using 'UTF-8' encoding to copy filtered resources.
2023-03-08 11:11:59,196 [Worker-71: Building] INFO  o.e.m.c.i.embedder.EclipseLogger - skip non existing resourceDirectory C:\Users\Dave\refresh\davesolatre\src\main\resources
2023-03-08 11:11:59,198 [Worker-71: Building] INFO  o.e.m.c.i.embedder.EclipseLogger - Using 'UTF-8' encoding to copy filtered resources.
2023-03-08 11:11:59,199 [Worker-71: Building] INFO  o.e.m.c.i.embedder.EclipseLogger - skip non existing resourceDirectory C:\Users\Dave\refresh\davesolatre\src\test\resources
2023-03-08 11:17:45,797 [Worker-74: Building] INFO  o.e.m.c.i.embedder.EclipseLogger - Using 'UTF-8' encoding to copy filtered resources.
2023-03-08 11:17:45,798 [Worker-74: Building] INFO  o.e.m.c.i.embedder.EclipseLogger - skip non existing resourceDirectory C:\Users\Dave\refresh\davesolatre\src\main\resources
2023-03-08 11:17:45,800 [Worker-74: Building] INFO  o.e.m.c.i.embedder.EclipseLogger - Using 'UTF-8' encoding to copy filtered resources.
2023-03-08 11:17:45,801 [Worker-74: Building] INFO  o.e.m.c.i.embedder.EclipseLogger - skip non existing resourceDirectory C:\Users\Dave\refresh\davesolatre\src\test\resources
2023-03-08 11:18:32,508 [Worker-78: Building] INFO  o.e.m.c.i.embedder.EclipseLogger - Using 'UTF-8' encoding to copy filtered resources.
2023-03-08 11:18:32,508 [Worker-78: Building] INFO  o.e.m.c.i.embedder.EclipseLogger - skip non existing resourceDirectory C:\Users\Dave\refresh\davesolatre\src\main\resources
2023-03-08 11:18:32,510 [Worker-78: Building] INFO  o.e.m.c.i.embedder.EclipseLogger - Using 'UTF-8' encoding to copy filtered resources.
2023-03-08 11:18:32,510 [Worker-78: Building] INFO  o.e.m.c.i.embedder.EclipseLogger - skip non existing resourceDirectory C:\Users\Dave\refresh\davesolatre\src\test\resources
2023-03-08 11:22:11,254 [Worker-82: Launching StandAloneTest] INFO  o.e.m.c.i.embedder.EclipseLogger - Using 'UTF-8' encoding to copy filtered resources.
2023-03-08 11:22:11,255 [Worker-82: Launching StandAloneTest] INFO  o.e.m.c.i.embedder.EclipseLogger - skip non existing resourceDirectory C:\Users\Dave\refresh\davesolatre\src\main\resources
2023-03-08 11:22:11,257 [Worker-82: Launching StandAloneTest] INFO  o.e.m.c.i.embedder.EclipseLogger - Using 'UTF-8' encoding to copy filtered resources.
2023-03-08 11:22:11,257 [Worker-82: Launching StandAloneTest] INFO  o.e.m.c.i.embedder.EclipseLogger - skip non existing resourceDirectory C:\Users\Dave\refresh\davesolatre\src\test\resources
2023-03-08 12:27:25,023 [Worker-84: Launching StandAloneTest] INFO  o.e.m.c.i.embedder.EclipseLogger - Using 'UTF-8' encoding to copy filtered resources.
2023-03-08 12:27:25,024 [Worker-84: Launching StandAloneTest] INFO  o.e.m.c.i.embedder.EclipseLogger - skip non existing resourceDirectory C:\Users\Dave\refresh\davesolatre\src\main\resources
2023-03-08 12:27:25,026 [Worker-84: Launching StandAloneTest] INFO  o.e.m.c.i.embedder.EclipseLogger - Using 'UTF-8' encoding to copy filtered resources.
2023-03-08 12:27:25,026 [Worker-84: Launching StandAloneTest] INFO  o.e.m.c.i.embedder.EclipseLogger - skip non existing resourceDirectory C:\Users\Dave\refresh\davesolatre\src\test\resources
2023-03-08 12:27:53,928 [Worker-87: Launching StandAloneTest] INFO  o.e.m.c.i.embedder.EclipseLogger - Using 'UTF-8' encoding to copy filtered resources.
2023-03-08 12:27:53,928 [Worker-87: Launching StandAloneTest] INFO  o.e.m.c.i.embedder.EclipseLogger - skip non existing resourceDirectory C:\Users\Dave\refresh\davesolatre\src\main\resources
2023-03-08 12:27:53,930 [Worker-87: Launching StandAloneTest] INFO  o.e.m.c.i.embedder.EclipseLogger - Using 'UTF-8' encoding to copy filtered resources.
2023-03-08 12:27:53,930 [Worker-87: Launching StandAloneTest] INFO  o.e.m.c.i.embedder.EclipseLogger - skip non existing resourceDirectory C:\Users\Dave\refresh\davesolatre\src\test\resources
2023-03-08 12:28:21,356 [Worker-84: Launching StandAloneTest] INFO  o.e.m.c.i.embedder.EclipseLogger - Using 'UTF-8' encoding to copy filtered resources.
2023-03-08 12:28:21,356 [Worker-84: Launching StandAloneTest] INFO  o.e.m.c.i.embedder.EclipseLogger - skip non existing resourceDirectory C:\Users\Dave\refresh\davesolatre\src\main\resources
2023-03-08 12:28:21,358 [Worker-84: Launching StandAloneTest] INFO  o.e.m.c.i.embedder.EclipseLogger - Using 'UTF-8' encoding to copy filtered resources.
2023-03-08 12:28:21,359 [Worker-84: Launching StandAloneTest] INFO  o.e.m.c.i.embedder.EclipseLogger - skip non existing resourceDirectory C:\Users\Dave\refresh\davesolatre\src\test\resources
2023-03-08 12:54:37,640 [Worker-93: Building] INFO  o.e.m.c.i.embedder.EclipseLogger - Using 'UTF-8' encoding to copy filtered resources.
2023-03-08 12:54:37,640 [Worker-93: Building] INFO  o.e.m.c.i.embedder.EclipseLogger - skip non existing resourceDirectory C:\Users\Dave\refresh\davesolatre\src\main\resources
2023-03-08 12:54:37,642 [Worker-93: Building] INFO  o.e.m.c.i.embedder.EclipseLogger - Using 'UTF-8' encoding to copy filtered resources.
2023-03-08 12:54:37,642 [Worker-93: Building] INFO  o.e.m.c.i.embedder.EclipseLogger - skip non existing resourceDirectory C:\Users\Dave\refresh\davesolatre\src\test\resources
2023-03-08 13:13:52,258 [Worker-96: Launching StandAloneTest] INFO  o.e.m.c.i.embedder.EclipseLogger - Using 'UTF-8' encoding to copy filtered resources.
2023-03-08 13:13:52,258 [Worker-96: Launching StandAloneTest] INFO  o.e.m.c.i.embedder.EclipseLogger - skip non existing resourceDirectory C:\Users\Dave\refresh\davesolatre\src\main\resources
2023-03-08 13:13:52,260 [Worker-96: Launching StandAloneTest] INFO  o.e.m.c.i.embedder.EclipseLogger - Using 'UTF-8' encoding to copy filtered resources.
2023-03-08 13:13:52,260 [Worker-96: Launching StandAloneTest] INFO  o.e.m.c.i.embedder.EclipseLogger - skip non existing resourceDirectory C:\Users\Dave\refresh\davesolatre\src\test\resources
2023-03-13 10:12:51,443 [Worker-0: Loading available Gradle versions] INFO  o.e.b.c.i.u.g.PublishedGradleVersions - Gradle version information cache is out-of-date. Trying to update.
